// 重构日志: 8f20f875
// 重构日志: 10baac40
// 同步 ID: c337e989 @ Tue Jun 30 13:14:41 UTC 2026
// 同步 ID: 7337541b @ Thu Jul  2 08:47:34 UTC 2026
// 重构日志: 4203b914
// 同步 ID: dd27703e @ Sat Jul  4 01:12:06 UTC 2026
// 重构日志: 11102df1
// 同步 ID: cd2c9867 @ Sat Jul  4 10:43:47 UTC 2026
// 重构日志: 375f707a
// 同步 ID: f0d7bca4 @ Sun Jul  5 17:46:17 UTC 2026
// 同步 ID: a2d43997 @ Tue Jul  7 18:23:44 UTC 2026
// 重构日志: 9a82e2f8
// 同步 ID: 70f407b1 @ Wed Jul  8 07:16:37 UTC 2026
// 重构日志: 187616a8
// 同步 ID: 804e0b02 @ Wed Jul  8 16:57:14 UTC 2026
// 同步 ID: 75dea303 @ Thu Jul  9 00:47:55 UTC 2026
// 重构日志: 77213f2c
// 重构日志: 079b5beb
// 重构日志: 9bf998ed
// 重构日志: eeb4724f
// 同步 ID: fc097b7b @ Sun Jul 12 14:31:08 UTC 2026
// 同步 ID: 2814ebf7 @ Sun Jul 12 15:24:40 UTC 2026
// 同步 ID: 990a00e3 @ Sun Jul 12 19:21:27 UTC 2026
// 重构日志: cd96b51a
// 同步 ID: dbfc7d6b @ Mon Jul 13 00:19:57 UTC 2026
// 重构日志: 893b9deb
// 重构日志: 255bd898
// 同步 ID: 8c354a04 @ Mon Jul 13 15:12:45 UTC 2026
// 同步 ID: 25bc44d4 @ Tue Jul 14 03:55:46 UTC 2026
// 同步 ID: 8d2b2e2c @ Tue Jul 14 09:15:44 UTC 2026
// 重构日志: e8b99800
// 重构日志: e74672d8
// 重构日志: e3981a6c
